SF:lib\providers\answer_provider.dart
DA:3,12
LF:1
LH:1
end_of_record
SF:lib\l10n\app_localizations.dart
DA:64,12
DA:68,4
DA:69,4
DA:122,7
DA:124,4
DA:126,8
DA:129,4
DA:130,12
DA:132,0
DA:136,4
DA:140,4
DA:141,8
DA:144,0
LF:13
LH:11
end_of_record
SF:lib\l10n\app_localizations_en.dart
DA:9,8
DA:11,3
DA:14,3
DA:17,4
DA:20,1
LF:5
LH:5
end_of_record
SF:lib\pages\question_page\question_page_container.dart
DA:9,2
DA:11,2
DA:12,2
DA:18,2
DA:19,6
DA:20,14
DA:21,4
DA:25,2
DA:27,6
DA:28,6
DA:30,2
DA:31,4
DA:33,2
DA:34,2
DA:37,2
DA:38,7
LF:16
LH:16
end_of_record
SF:lib\providers\question_provider.dart
DA:5,8
DA:6,2
DA:9,11
DA:10,4
DA:11,2
LF:5
LH:5
end_of_record
SF:lib\pages\question_page\question_page_presentation.dart
DA:16,3
DA:24,3
DA:26,3
DA:27,3
DA:28,9
DA:29,9
DA:32,3
DA:34,3
DA:36,0
DA:40,3
DA:41,3
DA:43,3
DA:45,3
DA:48,3
DA:49,6
DA:51,6
DA:53,3
DA:55,3
DA:56,3
DA:57,3
DA:58,6
DA:59,3
DA:64,10
LF:23
LH:22
end_of_record
SF:lib\widgets\question_text.dart
DA:6,3
DA:8,3
DA:10,3
DA:11,9
DA:12,9
DA:13,3
DA:15,3
DA:16,3
DA:17,9
LF:9
LH:9
end_of_record
SF:lib\widgets\answer_input_field.dart
DA:6,3
DA:8,3
DA:10,3
DA:12,3
DA:13,3
DA:14,3
DA:15,3
DA:16,3
DA:17,3
DA:18,6
DA:20,3
DA:25,3
DA:26,3
DA:27,3
DA:29,6
DA:30,6
LF:16
LH:16
end_of_record
SF:lib\widgets\button.dart
DA:8,3
DA:13,3
DA:15,3
DA:17,3
DA:18,3
DA:19,3
DA:20,3
DA:21,3
DA:22,3
DA:25,3
DA:27,3
DA:28,12
DA:29,3
LF:13
LH:13
end_of_record
SF:lib\widgets\answer_display.dart
DA:7,3
DA:9,3
DA:11,3
DA:12,12
DA:13,9
LF:5
LH:5
end_of_record
SF:lib\repositories\mock_question_repository.dart
DA:5,3
DA:7,6
LF:2
LH:2
end_of_record
